<?xml version="1.0" encoding="UTF-8"?>
<!-- Generated by org.testng.reporters.JUnitReportReporter -->
<testsuite skipped="0" hostname="LAPTOP-NFAOKJV8" name="banking.Testcase002_Addpayee" tests="1" failures="0" timestamp="2019-10-26T14:35:33 EDT" time="15.384" errors="0">
  <testcase name="verifyLogin" time="15.384" classname="banking.Testcase002_Addpayee"/>
</testsuite> <!-- banking.Testcase002_Addpayee -->
