<?xml version="1.0" encoding="UTF-8"?>
<!-- Generated by org.testng.reporters.JUnitReportReporter -->
<testsuite skipped="0" hostname="LAPTOP-NFAOKJV8" name="MercuryTours.VerifyLoginTest" tests="1" failures="0" timestamp="2019-11-03T10:00:08 EST" time="19.215" errors="0">
  <testcase name="verifyLogin" time="19.215" classname="MercuryTours.VerifyLoginTest"/>
</testsuite> <!-- MercuryTours.VerifyLoginTest -->
