<?xml version="1.0" encoding="UTF-8"?>
<!-- Generated by org.testng.reporters.JUnitReportReporter -->
<testsuite skipped="0" hostname="LAPTOP-NFAOKJV8" name="MercuryTours.VerifyTicketPurchase" tests="1" failures="0" timestamp="2019-11-04T09:21:19 EST" time="17.890" errors="0">
  <testcase name="test" time="17.890" classname="MercuryTours.VerifyTicketPurchase"/>
</testsuite> <!-- MercuryTours.VerifyTicketPurchase -->
