<?xml version="1.0" encoding="UTF-8"?>
<!-- Generated by org.testng.reporters.JUnitReportReporter -->
<testsuite skipped="0" hostname="LAPTOP-NFAOKJV8" name="banking.Testcase001_VerifyLogin" tests="1" failures="0" timestamp="2019-11-09T16:06:53 EST" time="15.002" errors="0">
  <testcase name="verifyLogin" time="15.002" classname="banking.Testcase001_VerifyLogin"/>
</testsuite> <!-- banking.Testcase001_VerifyLogin -->
